TN:
SF:/Users/ayrtonsouza/Documents/RocketSeat/Aulas/gs-mobile-gobarber-lesson/src/components/Button/index.tsx
FN:10,(anonymous_0)
FNF:1
FNH:1
FNDA:1,(anonymous_0)
DA:10,1
DA:11,1
LF:2
LH:2
BRF:0
BRH:0
end_of_record
TN:
SF:/Users/ayrtonsouza/Documents/RocketSeat/Aulas/gs-mobile-gobarber-lesson/src/components/Input/index.tsx
FN:28,(anonymous_0)
FN:38,(anonymous_1)
FN:42,(anonymous_2)
FN:46,(anonymous_3)
FN:47,(anonymous_4)
FN:51,(anonymous_5)
FN:56,(anonymous_6)
FN:60,(anonymous_7)
FN:81,(anonymous_8)
FNF:9
FNH:3
FNDA:2,(anonymous_0)
FNDA:0,(anonymous_1)
FNDA:0,(anonymous_2)
FNDA:1,(anonymous_3)
FNDA:0,(anonymous_4)
FNDA:2,(anonymous_5)
FNDA:0,(anonymous_6)
FNDA:0,(anonymous_7)
FNDA:0,(anonymous_8)
DA:28,1
DA:32,2
DA:33,2
DA:34,2
DA:35,2
DA:36,2
DA:38,2
DA:39,0
DA:42,2
DA:43,0
DA:44,0
DA:46,2
DA:48,0
DA:51,2
DA:52,2
DA:57,0
DA:58,0
DA:61,0
DA:62,0
DA:66,2
DA:82,0
LF:21
LH:12
BRDA:29,0,0,2
BRDA:33,1,0,2
BRDA:71,2,0,0
BRDA:71,2,1,2
BRDA:71,3,0,2
BRDA:71,3,1,2
BRF:6
BRH:5
end_of_record
TN:
SF:/Users/ayrtonsouza/Documents/RocketSeat/Aulas/gs-mobile-gobarber-lesson/src/hooks/auth.tsx
FN:39,(anonymous_0)
FN:43,(anonymous_1)
FN:44,loadStorageData
FN:62,(anonymous_3)
FN:79,(anonymous_4)
FN:86,(anonymous_5)
FN:106,useAuth
FNF:7
FNH:1
FNDA:0,(anonymous_0)
FNDA:0,(anonymous_1)
FNDA:0,loadStorageData
FNDA:0,(anonymous_3)
FNDA:0,(anonymous_4)
FNDA:0,(anonymous_5)
FNDA:1,useAuth
DA:37,1
DA:39,1
DA:40,0
DA:41,0
DA:43,0
DA:45,0
DA:50,0
DA:51,0
DA:53,0
DA:56,0
DA:59,0
DA:62,0
DA:63,0
DA:67,0
DA:69,0
DA:74,0
DA:76,0
DA:79,0
DA:80,0
DA:82,0
DA:85,0
DA:87,0
DA:89,0
DA:97,0
DA:107,1
DA:109,1
DA:110,0
DA:113,1
LF:28
LH:5
BRDA:50,0,0,0
BRDA:50,0,1,0
BRDA:50,1,0,0
BRDA:50,1,1,0
BRDA:109,2,0,0
BRDA:109,2,1,1
BRF:6
BRH:1
end_of_record
TN:
SF:/Users/ayrtonsouza/Documents/RocketSeat/Aulas/gs-mobile-gobarber-lesson/src/pages/AppointmentCreated/index.tsx
FN:18,(anonymous_0)
FN:23,(anonymous_1)
FN:34,(anonymous_2)
FNF:3
FNH:0
FNDA:0,(anonymous_0)
FNDA:0,(anonymous_1)
FNDA:0,(anonymous_2)
DA:18,0
DA:19,0
DA:20,0
DA:21,0
DA:23,0
DA:24,0
DA:34,0
DA:35,0
DA:42,0
LF:9
LH:0
BRF:0
BRH:0
end_of_record
TN:
SF:/Users/ayrtonsouza/Documents/RocketSeat/Aulas/gs-mobile-gobarber-lesson/src/pages/CreateAppointment/index.tsx
FN:50,(anonymous_0)
FN:64,(anonymous_1)
FN:65,(anonymous_2)
FN:70,(anonymous_3)
FN:79,(anonymous_4)
FN:84,(anonymous_5)
FN:88,(anonymous_6)
FN:92,(anonymous_7)
FN:93,(anonymous_8)
FN:97,(anonymous_9)
FN:108,(anonymous_10)
FN:126,(anonymous_11)
FN:128,(anonymous_12)
FN:129,(anonymous_13)
FN:138,(anonymous_14)
FN:140,(anonymous_15)
FN:141,(anonymous_16)
FN:150,(anonymous_17)
FN:169,(anonymous_18)
FN:170,(anonymous_19)
FN:172,(anonymous_20)
FN:206,(anonymous_21)
FN:212,(anonymous_22)
FN:225,(anonymous_23)
FN:231,(anonymous_24)
FNF:25
FNH:0
FNDA:0,(anonymous_0)
FNDA:0,(anonymous_1)
FNDA:0,(anonymous_2)
FNDA:0,(anonymous_3)
FNDA:0,(anonymous_4)
FNDA:0,(anonymous_5)
FNDA:0,(anonymous_6)
FNDA:0,(anonymous_7)
FNDA:0,(anonymous_8)
FNDA:0,(anonymous_9)
FNDA:0,(anonymous_10)
FNDA:0,(anonymous_11)
FNDA:0,(anonymous_12)
FNDA:0,(anonymous_13)
FNDA:0,(anonymous_14)
FNDA:0,(anonymous_15)
FNDA:0,(anonymous_16)
FNDA:0,(anonymous_17)
FNDA:0,(anonymous_18)
FNDA:0,(anonymous_19)
FNDA:0,(anonymous_20)
FNDA:0,(anonymous_21)
FNDA:0,(anonymous_22)
FNDA:0,(anonymous_23)
FNDA:0,(anonymous_24)
DA:50,0
DA:51,0
DA:52,0
DA:53,0
DA:54,0
DA:55,0
DA:56,0
DA:57,0
DA:58,0
DA:59,0
DA:60,0
DA:64,0
DA:65,0
DA:66,0
DA:70,0
DA:71,0
DA:80,0
DA:84,0
DA:85,0
DA:88,0
DA:89,0
DA:92,0
DA:93,0
DA:96,0
DA:98,0
DA:99,0
DA:101,0
DA:102,0
DA:108,0
DA:109,0
DA:110,0
DA:111,0
DA:112,0
DA:113,0
DA:117,0
DA:119,0
DA:126,0
DA:127,0
DA:128,0
DA:130,0
DA:138,0
DA:139,0
DA:140,0
DA:142,0
DA:150,0
DA:151,0
DA:154,0
DA:169,0
DA:171,0
DA:172,0
DA:207,0
DA:212,0
DA:226,0
DA:231,0
LF:54
LH:0
BRDA:98,0,0,0
BRDA:98,0,1,0
BRDA:101,1,0,0
BRDA:101,1,1,0
BRDA:187,2,0,0
BRDA:187,2,1,0
BRDA:191,3,0,0
BRDA:191,3,1,0
BRF:8
BRH:0
end_of_record
TN:
SF:/Users/ayrtonsouza/Documents/RocketSeat/Aulas/gs-mobile-gobarber-lesson/src/pages/Dashboard/index.tsx
FN:31,(anonymous_0)
FN:36,(anonymous_1)
FN:37,(anonymous_2)
FN:42,(anonymous_3)
FN:47,(anonymous_4)
FN:68,(anonymous_5)
FN:72,(anonymous_6)
FN:74,(anonymous_7)
FNF:8
FNH:0
FNDA:0,(anonymous_0)
FNDA:0,(anonymous_1)
FNDA:0,(anonymous_2)
FNDA:0,(anonymous_3)
FNDA:0,(anonymous_4)
FNDA:0,(anonymous_5)
FNDA:0,(anonymous_6)
FNDA:0,(anonymous_7)
DA:31,0
DA:32,0
DA:33,0
DA:34,0
DA:36,0
DA:37,0
DA:38,0
DA:42,0
DA:43,0
DA:46,0
DA:48,0
DA:53,0
DA:68,0
DA:73,0
DA:74,0
LF:15
LH:0
BRF:0
BRH:0
end_of_record
TN:
SF:/Users/ayrtonsouza/Documents/RocketSeat/Aulas/gs-mobile-gobarber-lesson/src/pages/Profile/index.tsx
FN:40,(anonymous_0)
FN:49,(anonymous_1)
FN:60,(anonymous_2)
FN:66,(anonymous_3)
FN:119,(anonymous_4)
FN:123,(anonymous_5)
FN:131,(anonymous_6)
FN:148,(anonymous_7)
FN:183,(anonymous_8)
FN:196,(anonymous_9)
FN:208,(anonymous_10)
FN:220,(anonymous_11)
FN:232,(anonymous_12)
FN:238,(anonymous_13)
FNF:14
FNH:0
FNDA:0,(anonymous_0)
FNDA:0,(anonymous_1)
FNDA:0,(anonymous_2)
FNDA:0,(anonymous_3)
FNDA:0,(anonymous_4)
FNDA:0,(anonymous_5)
FNDA:0,(anonymous_6)
FNDA:0,(anonymous_7)
FNDA:0,(anonymous_8)
FNDA:0,(anonymous_9)
FNDA:0,(anonymous_10)
FNDA:0,(anonymous_11)
FNDA:0,(anonymous_12)
FNDA:0,(anonymous_13)
DA:40,0
DA:41,0
DA:42,0
DA:43,0
DA:44,0
DA:45,0
DA:46,0
DA:47,0
DA:48,0
DA:50,0
DA:51,0
DA:53,0
DA:60,0
DA:66,0
DA:76,0
DA:86,0
DA:88,0
DA:100,0
DA:101,0
DA:102,0
DA:103,0
DA:105,0
DA:106,0
DA:107,0
DA:109,0
DA:119,0
DA:120,0
DA:123,0
DA:124,0
DA:132,0
DA:133,0
DA:136,0
DA:137,0
DA:140,0
DA:142,0
DA:148,0
DA:149,0
DA:154,0
DA:184,0
DA:197,0
DA:209,0
DA:221,0
DA:233,0
DA:239,0
LF:44
LH:0
BRDA:91,0,0,0
BRDA:91,0,1,0
BRDA:105,1,0,0
BRDA:105,1,1,0
BRDA:132,2,0,0
BRDA:132,2,1,0
BRDA:136,3,0,0
BRDA:136,3,1,0
BRDA:158,4,0,0
BRDA:158,4,1,0
BRF:10
BRH:0
end_of_record
TN:
SF:/Users/ayrtonsouza/Documents/RocketSeat/Aulas/gs-mobile-gobarber-lesson/src/pages/SignIn/index.tsx
FN:37,(anonymous_0)
FN:43,(anonymous_1)
FN:98,(anonymous_2)
FN:109,(anonymous_3)
FN:114,(anonymous_4)
FN:122,(anonymous_5)
FN:132,(anonymous_6)
FNF:7
FNH:1
FNDA:1,(anonymous_0)
FNDA:0,(anonymous_1)
FNDA:0,(anonymous_2)
FNDA:0,(anonymous_3)
FNDA:0,(anonymous_4)
FNDA:0,(anonymous_5)
FNDA:0,(anonymous_6)
DA:37,1
DA:38,1
DA:39,1
DA:40,1
DA:41,1
DA:42,1
DA:44,0
DA:45,0
DA:46,0
DA:52,0
DA:55,0
DA:60,0
DA:61,0
DA:62,0
DA:64,0
DA:73,1
DA:99,0
DA:110,0
DA:115,0
DA:123,0
DA:133,0
LF:21
LH:7
BRDA:60,0,0,0
BRDA:60,0,1,0
BRDA:77,1,0,1
BRDA:77,1,1,0
BRF:4
BRH:1
end_of_record
TN:
SF:/Users/ayrtonsouza/Documents/RocketSeat/Aulas/gs-mobile-gobarber-lesson/src/pages/SignUp/index.tsx
FN:36,(anonymous_0)
FN:42,(anonymous_1)
FN:99,(anonymous_2)
FN:112,(anonymous_3)
FN:123,(anonymous_4)
FN:129,(anonymous_5)
FN:140,(anonymous_6)
FNF:7
FNH:0
FNDA:0,(anonymous_0)
FNDA:0,(anonymous_1)
FNDA:0,(anonymous_2)
FNDA:0,(anonymous_3)
FNDA:0,(anonymous_4)
FNDA:0,(anonymous_5)
FNDA:0,(anonymous_6)
DA:36,0
DA:37,0
DA:38,0
DA:39,0
DA:40,0
DA:41,0
DA:43,0
DA:44,0
DA:45,0
DA:52,0
DA:55,0
DA:56,0
DA:60,0
DA:62,0
DA:63,0
DA:64,0
DA:66,0
DA:75,0
DA:100,0
DA:113,0
DA:124,0
DA:130,0
DA:141,0
LF:23
LH:0
BRDA:62,0,0,0
BRDA:62,0,1,0
BRDA:79,1,0,0
BRDA:79,1,1,0
BRF:4
BRH:0
end_of_record
